<?xml version="1.0" encoding="UTF-8"?>
<!-- Generated by org.testng.reporters.JUnitXMLReporter -->
<testsuite ignored="0" hostname="Srikanth" failures="0" tests="2" name="Errorvalidation" time="34.183" errors="0" timestamp="2024-03-22T15:18:55 CDT">
  <testcase classname="mavenPractice.pageobjects.ErrorValidations" name="loginErrorValidation" time="0.873"/>
  <testcase classname="mavenPractice.pageobjects.ErrorValidations" name="productErrorValidation" time="20.88"/>
</testsuite> <!-- Errorvalidation -->
