<?xml version="1.0" encoding="UTF-8"?>
<!-- Generated by org.testng.reporters.JUnitXMLReporter -->
<testsuite ignored="0" hostname="Srikanth" failures="0" tests="2" name="ErrorValidationsTest" time="70.816" errors="0" timestamp="2024-05-08T16:31:11 CDT">
  <testcase classname="mavenPractice.tests.ErrorValidations" name="loginErrorValidation" time="11.018"/>
  <testcase classname="mavenPractice.tests.ErrorValidations" name="productErrorValidation" time="37.276"/>
</testsuite> <!-- ErrorValidationsTest -->
