<?xml version="1.0" encoding="UTF-8"?>
<testng-results ignored="0" total="5" passed="3" failed="1" skipped="1">
  <reporter-output>
  </reporter-output>
  <suite started-at="2024-05-08T16:29:58 CDT" name="Suite" finished-at="2024-05-08T16:31:12 CDT" duration-ms="73717">
    <groups>
      <group name="ErrorHandling">
        <method signature="ErrorValidations.loginErrorValidation()[pri:0, instance:mavenPractice.tests.ErrorValidations@4a8355dd]" name="loginErrorValidation" class="mavenPractice.tests.ErrorValidations"/>
      </group> <!-- ErrorHandling -->
      <group name="purchase">
        <method signature="mainTestwithTestNG.mainTest(java.util.HashMap)[pri:0, instance:mavenPractice.tests.mainTestwithTestNG@626abbd0]" name="mainTest" class="mavenPractice.tests.mainTestwithTestNG"/>
      </group> <!-- purchase -->
    </groups>
    <test started-at="2024-05-08T16:29:58 CDT" name="ErrorValidationsTest" finished-at="2024-05-08T16:31:09 CDT" duration-ms="70816">
      <class name="mavenPractice.tests.ErrorValidations">
        <test-method is-config="true" signature="launchApplication()[pri:0, instance:mavenPractice.tests.ErrorValidations@4a8355dd]" started-at="2024-05-08T16:29:58 CDT" name="launchApplication" finished-at="2024-05-08T16:30:07 CDT" duration-ms="9343" status="PASS">
          <reporter-output>
          </reporter-output>
        </test-method> <!-- launchApplication -->
        <test-method signature="loginErrorValidation()[pri:0, instance:mavenPractice.tests.ErrorValidations@4a8355dd]" started-at="2024-05-08T16:30:07 CDT" name="loginErrorValidation" finished-at="2024-05-08T16:30:18 CDT" duration-ms="11018" status="PASS">
          <reporter-output>
          </reporter-output>
        </test-method> <!-- loginErrorValidation -->
        <test-method is-config="true" signature="closeBrowser()[pri:0, instance:mavenPractice.tests.ErrorValidations@4a8355dd]" started-at="2024-05-08T16:30:18 CDT" name="closeBrowser" finished-at="2024-05-08T16:30:21 CDT" duration-ms="2465" status="PASS">
          <reporter-output>
          </reporter-output>
        </test-method> <!-- closeBrowser -->
        <test-method is-config="true" signature="launchApplication()[pri:0, instance:mavenPractice.tests.ErrorValidations@4a8355dd]" started-at="2024-05-08T16:30:21 CDT" name="launchApplication" finished-at="2024-05-08T16:30:30 CDT" duration-ms="9443" status="PASS">
          <reporter-output>
          </reporter-output>
        </test-method> <!-- launchApplication -->
        <test-method signature="productErrorValidation()[pri:0, instance:mavenPractice.tests.ErrorValidations@4a8355dd]" started-at="2024-05-08T16:30:30 CDT" name="productErrorValidation" finished-at="2024-05-08T16:31:07 CDT" duration-ms="37276" status="PASS">
          <reporter-output>
          </reporter-output>
        </test-method> <!-- productErrorValidation -->
        <test-method is-config="true" signature="closeBrowser()[pri:0, instance:mavenPractice.tests.ErrorValidations@4a8355dd]" started-at="2024-05-08T16:31:07 CDT" name="closeBrowser" finished-at="2024-05-08T16:31:09 CDT" duration-ms="1176" status="PASS">
          <reporter-output>
          </reporter-output>
        </test-method> <!-- closeBrowser -->
      </class> <!-- mavenPractice.tests.ErrorValidations -->
    </test> <!-- ErrorValidationsTest -->
    <test started-at="2024-05-08T16:29:58 CDT" name="MainTest" finished-at="2024-05-08T16:31:12 CDT" duration-ms="73717">
      <class name="mavenPractice.tests.mainTestwithTestNG">
        <test-method is-config="true" signature="launchApplication()[pri:0, instance:mavenPractice.tests.mainTestwithTestNG@626abbd0]" started-at="2024-05-08T16:29:58 CDT" name="launchApplication" finished-at="2024-05-08T16:30:08 CDT" duration-ms="9908" status="PASS">
          <reporter-output>
          </reporter-output>
        </test-method> <!-- launchApplication -->
        <test-method signature="mainTest(java.util.HashMap)[pri:0, instance:mavenPractice.tests.mainTestwithTestNG@626abbd0]" started-at="2024-05-08T16:30:08 CDT" name="mainTest" data-provider="getData" finished-at="2024-05-08T16:30:20 CDT" duration-ms="11831" status="FAIL">
          <params>
            <param index="0">
              <value>
                <![CDATA[{password=Durga@123, product=ADIDAS ORIGINAL, email=durgatest@gmail.com}]]>
              </value>
            </param>
          </params>
          <exception class="org.openqa.selenium.ElementClickInterceptedException">
            <message>
              <![CDATA[element click intercepted: Element <button _ngcontent-qdu-c33="" routerlink="/dashboard/cart" class="btn btn-custom" style="margin-top: -10px;" tabindex="0">...</button> is not clickable at point (1452, 27). Other element would receive the click: <div _ngcontent-qdu-c31="" class="ngx-spinner-overlay ng-tns-c31-1 ng-trigger ng-trigger-fadeIn ng-star-inserted ng-animating" style="background-color: rgba(51, 51, 51, 0.8); z-index: 99999; position: fixed;">...</div>
  (Session info: chrome=123.0.6312.106)
Build info: version: '4.12.1', revision: '8e34639b11'
System info: os.name: 'Windows 10', os.arch: 'amd64', os.version: '10.0', java.version: '21'
Driver info: org.openqa.selenium.chrome.ChromeDriver
Command: [04f6ef1ed481d1c78b8f7fd9dcb3310c, clickElement {id=f.05190664C390B72A73278E327A884154.d.00AE2118E47D19B297BAE97D01177FA8.e.89}]
Capabilities {acceptInsecureCerts: false, browserName: chrome, browserVersion: 123.0.6312.106, chrome: {chromedriverVersion: 123.0.6312.122 (31f8248cdd9..., userDataDir: C:\Users\srika\AppData\Loca...}, fedcm:accounts: true, goog:chromeOptions: {debuggerAddress: localhost:65232}, networkConnectionEnabled: false, pageLoadStrategy: normal, platformName: windows, proxy: Proxy(), se:cdp: ws://localhost:65232/devtoo..., se:cdpVersion: 123.0.6312.106, setWindowRect: true, strictFileInteractability: false, timeouts: {implicit: 0, pageLoad: 300000, script: 30000}, unhandledPromptBehavior: dismiss and notify, webauthn:extension:credBlob: true, webauthn:extension:largeBlob: true, webauthn:extension:minPinLength: true, webauthn:extension:prf: true, webauthn:virtualAuthenticators: true}
Element: [[ChromeDriver: chrome on windows (04f6ef1ed481d1c78b8f7fd9dcb3310c)] -> css selector: [routerlink*='cart']]
Session ID: 04f6ef1ed481d1c78b8f7fd9dcb3310c]]>
            </message>
            <full-stacktrace>
              <![CDATA[org.openqa.selenium.ElementClickInterceptedException: element click intercepted: Element <button _ngcontent-qdu-c33="" routerlink="/dashboard/cart" class="btn btn-custom" style="margin-top: -10px;" tabindex="0">...</button> is not clickable at point (1452, 27). Other element would receive the click: <div _ngcontent-qdu-c31="" class="ngx-spinner-overlay ng-tns-c31-1 ng-trigger ng-trigger-fadeIn ng-star-inserted ng-animating" style="background-color: rgba(51, 51, 51, 0.8); z-index: 99999; position: fixed;">...</div>
  (Session info: chrome=123.0.6312.106)
Build info: version: '4.12.1', revision: '8e34639b11'
System info: os.name: 'Windows 10', os.arch: 'amd64', os.version: '10.0', java.version: '21'
Driver info: org.openqa.selenium.chrome.ChromeDriver
Command: [04f6ef1ed481d1c78b8f7fd9dcb3310c, clickElement {id=f.05190664C390B72A73278E327A884154.d.00AE2118E47D19B297BAE97D01177FA8.e.89}]
Capabilities {acceptInsecureCerts: false, browserName: chrome, browserVersion: 123.0.6312.106, chrome: {chromedriverVersion: 123.0.6312.122 (31f8248cdd9..., userDataDir: C:\Users\srika\AppData\Loca...}, fedcm:accounts: true, goog:chromeOptions: {debuggerAddress: localhost:65232}, networkConnectionEnabled: false, pageLoadStrategy: normal, platformName: windows, proxy: Proxy(), se:cdp: ws://localhost:65232/devtoo..., se:cdpVersion: 123.0.6312.106, setWindowRect: true, strictFileInteractability: false, timeouts: {implicit: 0, pageLoad: 300000, script: 30000}, unhandledPromptBehavior: dismiss and notify, webauthn:extension:credBlob: true, webauthn:extension:largeBlob: true, webauthn:extension:minPinLength: true, webauthn:extension:prf: true, webauthn:virtualAuthenticators: true}
Element: [[ChromeDriver: chrome on windows (04f6ef1ed481d1c78b8f7fd9dcb3310c)] -> css selector: [routerlink*='cart']]
Session ID: 04f6ef1ed481d1c78b8f7fd9dcb3310c
at java.base/jdk.internal.reflect.DirectConstructorHandleAccessor.newInstance(DirectConstructorHandleAccessor.java:62)
at java.base/java.lang.reflect.Constructor.newInstanceWithCaller(Constructor.java:502)
at java.base/java.lang.reflect.Constructor.newInstance(Constructor.java:486)
at org.openqa.selenium.remote.codec.w3c.W3CHttpResponseCodec.createException(W3CHttpResponseCodec.java:200)
at org.openqa.selenium.remote.codec.w3c.W3CHttpResponseCodec.decode(W3CHttpResponseCodec.java:133)
at org.openqa.selenium.remote.codec.w3c.W3CHttpResponseCodec.decode(W3CHttpResponseCodec.java:52)
at org.openqa.selenium.remote.HttpCommandExecutor.execute(HttpCommandExecutor.java:191)
at org.openqa.selenium.remote.service.DriverCommandExecutor.invokeExecute(DriverCommandExecutor.java:196)
at org.openqa.selenium.remote.service.DriverCommandExecutor.execute(DriverCommandExecutor.java:171)
at org.openqa.selenium.remote.RemoteWebDriver.execute(RemoteWebDriver.java:602)
at org.openqa.selenium.remote.RemoteWebElement.execute(RemoteWebElement.java:224)
at org.openqa.selenium.remote.RemoteWebElement.click(RemoteWebElement.java:77)
at java.base/jdk.internal.reflect.DirectMethodHandleAccessor.invoke(DirectMethodHandleAccessor.java:103)
at java.base/java.lang.reflect.Method.invoke(Method.java:580)
at org.openqa.selenium.support.pagefactory.internal.LocatingElementHandler.invoke(LocatingElementHandler.java:51)
at jdk.proxy2/jdk.proxy2.$Proxy16.click(Unknown Source)
at abstractComponents.abstractClass.goToCartPage(abstractClass.java:55)
at mavenPractice.tests.mainTestwithTestNG.mainTest(mainTestwithTestNG.java:36)
at java.base/jdk.internal.reflect.DirectMethodHandleAccessor.invoke(DirectMethodHandleAccessor.java:103)
at java.base/java.lang.reflect.Method.invoke(Method.java:580)
at org.testng.internal.invokers.MethodInvocationHelper.invokeMethod(MethodInvocationHelper.java:139)
at org.testng.internal.invokers.TestInvoker.invokeMethod(TestInvoker.java:664)
at org.testng.internal.invokers.TestInvoker.invokeTestMethod(TestInvoker.java:227)
at org.testng.internal.invokers.MethodRunner.runInSequence(MethodRunner.java:50)
at org.testng.internal.invokers.TestInvoker$MethodInvocationAgent.invoke(TestInvoker.java:957)
at org.testng.internal.invokers.TestInvoker.invokeTestMethods(TestInvoker.java:200)
at org.testng.internal.invokers.TestMethodWorker.invokeTestMethods(TestMethodWorker.java:148)
at org.testng.internal.invokers.TestMethodWorker.run(TestMethodWorker.java:128)
at java.base/java.util.ArrayList.forEach(ArrayList.java:1596)
at org.testng.TestRunner.privateRun(TestRunner.java:848)
at org.testng.TestRunner.run(TestRunner.java:621)
at org.testng.SuiteRunner.runTest(SuiteRunner.java:443)
at org.testng.SuiteRunner$SuiteWorker.run(SuiteRunner.java:481)
at org.testng.internal.thread.ThreadUtil.lambda$execute$0(ThreadUtil.java:58)
at java.base/java.util.concurrent.FutureTask.run(FutureTask.java:317)
at java.base/java.util.concurrent.ThreadPoolExecutor.runWorker(ThreadPoolExecutor.java:1144)
at java.base/java.util.concurrent.ThreadPoolExecutor$Worker.run(ThreadPoolExecutor.java:642)
at java.base/java.lang.Thread.run(Thread.java:1583)
]]>
            </full-stacktrace>
          </exception> <!-- org.openqa.selenium.ElementClickInterceptedException -->
          <reporter-output>
          </reporter-output>
        </test-method> <!-- mainTest -->
        <test-method is-config="true" signature="closeBrowser()[pri:0, instance:mavenPractice.tests.mainTestwithTestNG@626abbd0]" started-at="2024-05-08T16:30:21 CDT" name="closeBrowser" finished-at="2024-05-08T16:30:22 CDT" duration-ms="568" status="PASS">
          <reporter-output>
          </reporter-output>
        </test-method> <!-- closeBrowser -->
        <test-method is-config="true" signature="launchApplication()[pri:0, instance:mavenPractice.tests.mainTestwithTestNG@626abbd0]" started-at="2024-05-08T16:30:22 CDT" name="launchApplication" finished-at="2024-05-08T16:30:27 CDT" duration-ms="5851" status="PASS">
          <reporter-output>
          </reporter-output>
        </test-method> <!-- launchApplication -->
        <test-method signature="mainTest(java.util.HashMap)[pri:0, instance:mavenPractice.tests.mainTestwithTestNG@626abbd0]" started-at="2024-05-08T16:30:27 CDT" name="mainTest" data-provider="getData" finished-at="2024-05-08T16:31:10 CDT" duration-ms="43105" status="PASS">
          <params>
            <param index="0">
              <value>
                <![CDATA[{password=Durga@123, product=ADIDAS ORIGINAL, email=manasatest123@gmail.com}]]>
              </value>
            </param>
          </params>
          <reporter-output>
          </reporter-output>
        </test-method> <!-- mainTest -->
        <test-method is-config="true" signature="closeBrowser()[pri:0, instance:mavenPractice.tests.mainTestwithTestNG@626abbd0]" started-at="2024-05-08T16:31:11 CDT" name="closeBrowser" finished-at="2024-05-08T16:31:11 CDT" duration-ms="985" status="PASS">
          <reporter-output>
          </reporter-output>
        </test-method> <!-- closeBrowser -->
        <test-method signature="OrderHistoryTest()[pri:0, instance:mavenPractice.tests.mainTestwithTestNG@626abbd0]" started-at="2024-05-08T16:31:11 CDT" name="OrderHistoryTest" finished-at="2024-05-08T16:31:11 CDT" depends-on-methods="mavenPractice.tests.mainTestwithTestNG.mainTest" duration-ms="0" status="SKIP">
          <exception class="java.lang.Throwable">
            <message>
              <![CDATA[Method mavenPractice.tests.mainTestwithTestNG.OrderHistoryTest() on instance mavenPractice.tests.mainTestwithTestNG@626abbd0 depends on not successfully finished methods 
[mavenPractice.tests.mainTestwithTestNG.mainTest() on instance mavenPractice.tests.mainTestwithTestNG@626abbd0]]]>
            </message>
            <full-stacktrace>
              <![CDATA[java.lang.Throwable: Method mavenPractice.tests.mainTestwithTestNG.OrderHistoryTest() on instance mavenPractice.tests.mainTestwithTestNG@626abbd0 depends on not successfully finished methods 
[mavenPractice.tests.mainTestwithTestNG.mainTest() on instance mavenPractice.tests.mainTestwithTestNG@626abbd0]
at org.testng.internal.invokers.TestInvoker.invokeTestMethods(TestInvoker.java:156)
at org.testng.internal.invokers.TestMethodWorker.invokeTestMethods(TestMethodWorker.java:148)
at org.testng.internal.invokers.TestMethodWorker.run(TestMethodWorker.java:128)
at java.base/java.util.ArrayList.forEach(ArrayList.java:1596)
at org.testng.TestRunner.privateRun(TestRunner.java:848)
at org.testng.TestRunner.run(TestRunner.java:621)
at org.testng.SuiteRunner.runTest(SuiteRunner.java:443)
at org.testng.SuiteRunner$SuiteWorker.run(SuiteRunner.java:481)
at org.testng.internal.thread.ThreadUtil.lambda$execute$0(ThreadUtil.java:58)
at java.base/java.util.concurrent.FutureTask.run(FutureTask.java:317)
at java.base/java.util.concurrent.ThreadPoolExecutor.runWorker(ThreadPoolExecutor.java:1144)
at java.base/java.util.concurrent.ThreadPoolExecutor$Worker.run(ThreadPoolExecutor.java:642)
at java.base/java.lang.Thread.run(Thread.java:1583)
]]>
            </full-stacktrace>
          </exception> <!-- java.lang.Throwable -->
          <reporter-output>
          </reporter-output>
        </test-method> <!-- OrderHistoryTest -->
      </class> <!-- mavenPractice.tests.mainTestwithTestNG -->
    </test> <!-- MainTest -->
  </suite> <!-- Suite -->
</testng-results>
