<?xml version="1.0" encoding="UTF-8"?>
<!-- Generated by org.testng.reporters.JUnitXMLReporter -->
<testsuite ignored="0" hostname="Srikanth" failures="0" tests="3" name="Personal_loan" time="0.391" errors="0" timestamp="2023-12-13T17:38:14 CST">
  <testcase classname="TestNGConcepts.module1" name="test1" time="0.021"/>
  <testcase classname="TestNGConcepts.module1" name="test2" time="0.003"/>
  <testcase classname="TestNGConcepts.module2" name="test3" time="0.008"/>
</testsuite> <!-- Personal_loan -->
